[0.364s] Invoking command in '/home/francois/00-projets/ia-ft-iot-control-robot/src/realsense_publisher': PYTHONPATH=/home/francois/00-projets/ia-ft-iot-control-robot/build/realsense_publisher/prefix_override:/usr/lib/python3/dist-packages/colcon_core/task/python/colcon_distutils_commands:/home/francois/00-projets/ia-ft-iot-control-robot/install/realsense_publisher/lib/python3.10/site-packages:${PYTHONPATH} /usr/bin/python3 -W ignore:setup.py install is deprecated -W ignore:easy_install command is deprecated setup.py egg_info --egg-base ../../build/realsense_publisher build --build-base /home/francois/00-projets/ia-ft-iot-control-robot/build/realsense_publisher/build install --record /home/francois/00-projets/ia-ft-iot-control-robot/build/realsense_publisher/install.log --single-version-externally-managed install_data
[0.506s] running egg_info
[0.507s] writing ../../build/realsense_publisher/realsense_publisher.egg-info/PKG-INFO
[0.507s] writing dependency_links to ../../build/realsense_publisher/realsense_publisher.egg-info/dependency_links.txt
[0.507s] writing entry points to ../../build/realsense_publisher/realsense_publisher.egg-info/entry_points.txt
[0.507s] writing requirements to ../../build/realsense_publisher/realsense_publisher.egg-info/requires.txt
[0.507s] writing top-level names to ../../build/realsense_publisher/realsense_publisher.egg-info/top_level.txt
[0.508s] reading manifest file '../../build/realsense_publisher/realsense_publisher.egg-info/SOURCES.txt'
[0.509s] writing manifest file '../../build/realsense_publisher/realsense_publisher.egg-info/SOURCES.txt'
[0.509s] running build
[0.509s] running build_py
[0.509s] copying realsense_publisher/realsense_p.py -> /home/francois/00-projets/ia-ft-iot-control-robot/build/realsense_publisher/build/lib/realsense_publisher
[0.509s] running install
[0.509s] running install_lib
[0.510s] copying /home/francois/00-projets/ia-ft-iot-control-robot/build/realsense_publisher/build/lib/realsense_publisher/realsense_p.py -> /home/francois/00-projets/ia-ft-iot-control-robot/install/realsense_publisher/lib/python3.10/site-packages/realsense_publisher
[0.510s] byte-compiling /home/francois/00-projets/ia-ft-iot-control-robot/install/realsense_publisher/lib/python3.10/site-packages/realsense_publisher/realsense_p.py to realsense_p.cpython-310.pyc
[0.511s] running install_data
[0.511s] copying package.xml -> /home/francois/00-projets/ia-ft-iot-control-robot/install/realsense_publisher/share/realsense_publisher
[0.511s] running install_egg_info
[0.513s] removing '/home/francois/00-projets/ia-ft-iot-control-robot/install/realsense_publisher/lib/python3.10/site-packages/realsense_publisher-0.0.0-py3.10.egg-info' (and everything under it)
[0.514s] Copying ../../build/realsense_publisher/realsense_publisher.egg-info to /home/francois/00-projets/ia-ft-iot-control-robot/install/realsense_publisher/lib/python3.10/site-packages/realsense_publisher-0.0.0-py3.10.egg-info
[0.514s] running install_scripts
[0.529s] writing list of installed files to '/home/francois/00-projets/ia-ft-iot-control-robot/build/realsense_publisher/install.log'
[0.547s] Invoked command in '/home/francois/00-projets/ia-ft-iot-control-robot/src/realsense_publisher' returned '0': PYTHONPATH=/home/francois/00-projets/ia-ft-iot-control-robot/build/realsense_publisher/prefix_override:/usr/lib/python3/dist-packages/colcon_core/task/python/colcon_distutils_commands:/home/francois/00-projets/ia-ft-iot-control-robot/install/realsense_publisher/lib/python3.10/site-packages:${PYTHONPATH} /usr/bin/python3 -W ignore:setup.py install is deprecated -W ignore:easy_install command is deprecated setup.py egg_info --egg-base ../../build/realsense_publisher build --build-base /home/francois/00-projets/ia-ft-iot-control-robot/build/realsense_publisher/build install --record /home/francois/00-projets/ia-ft-iot-control-robot/build/realsense_publisher/install.log --single-version-externally-managed install_data
