[0.370s] Invoking command in '/home/francois/00-projets/ia-ft-iot-control-robot/src/realsense_publisher': PYTHONPATH=/home/francois/00-projets/ia-ft-iot-control-robot/build/realsense_publisher/prefix_override:/usr/lib/python3/dist-packages/colcon_core/task/python/colcon_distutils_commands:/home/francois/00-projets/ia-ft-iot-control-robot/install/realsense_publisher/lib/python3.10/site-packages:${PYTHONPATH} /usr/bin/python3 -W ignore:setup.py install is deprecated -W ignore:easy_install command is deprecated setup.py egg_info --egg-base ../../build/realsense_publisher build --build-base /home/francois/00-projets/ia-ft-iot-control-robot/build/realsense_publisher/build install --record /home/francois/00-projets/ia-ft-iot-control-robot/build/realsense_publisher/install.log --single-version-externally-managed install_data
[0.512s] running egg_info
[0.513s] writing ../../build/realsense_publisher/realsense_publisher.egg-info/PKG-INFO
[0.513s] writing dependency_links to ../../build/realsense_publisher/realsense_publisher.egg-info/dependency_links.txt
[0.513s] writing entry points to ../../build/realsense_publisher/realsense_publisher.egg-info/entry_points.txt
[0.513s] writing requirements to ../../build/realsense_publisher/realsense_publisher.egg-info/requires.txt
[0.513s] writing top-level names to ../../build/realsense_publisher/realsense_publisher.egg-info/top_level.txt
[0.514s] reading manifest file '../../build/realsense_publisher/realsense_publisher.egg-info/SOURCES.txt'
[0.515s] writing manifest file '../../build/realsense_publisher/realsense_publisher.egg-info/SOURCES.txt'
[0.515s] running build
[0.515s] running build_py
[0.515s] running install
[0.515s] running install_lib
[0.516s] running install_data
[0.516s] copying launch/realsense_publisher_with_foxglove_launch.py -> /home/francois/00-projets/ia-ft-iot-control-robot/install/realsense_publisher/share/realsense_publisher/launch
[0.516s] running install_egg_info
[0.518s] removing '/home/francois/00-projets/ia-ft-iot-control-robot/install/realsense_publisher/lib/python3.10/site-packages/realsense_publisher-0.0.0-py3.10.egg-info' (and everything under it)
[0.518s] Copying ../../build/realsense_publisher/realsense_publisher.egg-info to /home/francois/00-projets/ia-ft-iot-control-robot/install/realsense_publisher/lib/python3.10/site-packages/realsense_publisher-0.0.0-py3.10.egg-info
[0.518s] running install_scripts
[0.533s] Installing realsense_publisher script to /home/francois/00-projets/ia-ft-iot-control-robot/install/realsense_publisher/lib/realsense_publisher
[0.533s] writing list of installed files to '/home/francois/00-projets/ia-ft-iot-control-robot/build/realsense_publisher/install.log'
[0.550s] Invoked command in '/home/francois/00-projets/ia-ft-iot-control-robot/src/realsense_publisher' returned '0': PYTHONPATH=/home/francois/00-projets/ia-ft-iot-control-robot/build/realsense_publisher/prefix_override:/usr/lib/python3/dist-packages/colcon_core/task/python/colcon_distutils_commands:/home/francois/00-projets/ia-ft-iot-control-robot/install/realsense_publisher/lib/python3.10/site-packages:${PYTHONPATH} /usr/bin/python3 -W ignore:setup.py install is deprecated -W ignore:easy_install command is deprecated setup.py egg_info --egg-base ../../build/realsense_publisher build --build-base /home/francois/00-projets/ia-ft-iot-control-robot/build/realsense_publisher/build install --record /home/francois/00-projets/ia-ft-iot-control-robot/build/realsense_publisher/install.log --single-version-externally-managed install_data
