running egg_info
writing ../../build/realsense_publisher/realsense_publisher.egg-info/PKG-INFO
writing dependency_links to ../../build/realsense_publisher/realsense_publisher.egg-info/dependency_links.txt
writing entry points to ../../build/realsense_publisher/realsense_publisher.egg-info/entry_points.txt
writing requirements to ../../build/realsense_publisher/realsense_publisher.egg-info/requires.txt
writing top-level names to ../../build/realsense_publisher/realsense_publisher.egg-info/top_level.txt
reading manifest file '../../build/realsense_publisher/realsense_publisher.egg-info/SOURCES.txt'
writing manifest file '../../build/realsense_publisher/realsense_publisher.egg-info/SOURCES.txt'
running build
running build_py
copying realsense_publisher/realsense_p.py -> /home/francois/00-projets/ia-ft-iot-control-robot/build/realsense_publisher/build/lib/realsense_publisher
running install
running install_lib
copying /home/francois/00-projets/ia-ft-iot-control-robot/build/realsense_publisher/build/lib/realsense_publisher/realsense_p.py -> /home/francois/00-projets/ia-ft-iot-control-robot/install/realsense_publisher/lib/python3.10/site-packages/realsense_publisher
byte-compiling /home/francois/00-projets/ia-ft-iot-control-robot/install/realsense_publisher/lib/python3.10/site-packages/realsense_publisher/realsense_p.py to realsense_p.cpython-310.pyc
running install_data
running install_egg_info
Sorry: IndentationError: unindent does not match any outer indentation level (realsense_p.py, line 49)
removing '/home/francois/00-projets/ia-ft-iot-control-robot/install/realsense_publisher/lib/python3.10/site-packages/realsense_publisher-0.0.0-py3.10.egg-info' (and everything under it)
Copying ../../build/realsense_publisher/realsense_publisher.egg-info to /home/francois/00-projets/ia-ft-iot-control-robot/install/realsense_publisher/lib/python3.10/site-packages/realsense_publisher-0.0.0-py3.10.egg-info
running install_scripts
Installing realsense_publisher script to /home/francois/00-projets/ia-ft-iot-control-robot/install/realsense_publisher/lib/realsense_publisher
writing list of installed files to '/home/francois/00-projets/ia-ft-iot-control-robot/build/realsense_publisher/install.log'
