[0.397s] Invoking command in '/home/francois/00-projets/ia-ft-iot-control-robot/src/realsense_publisher': PYTHONPATH=/home/francois/00-projets/ia-ft-iot-control-robot/build/realsense_publisher/prefix_override:/usr/lib/python3/dist-packages/colcon_core/task/python/colcon_distutils_commands:/home/francois/00-projets/ia-ft-iot-control-robot/install/realsense_publisher/lib/python3.10/site-packages:${PYTHONPATH} /usr/bin/python3 -W ignore:setup.py install is deprecated -W ignore:easy_install command is deprecated setup.py egg_info --egg-base ../../build/realsense_publisher build --build-base /home/francois/00-projets/ia-ft-iot-control-robot/build/realsense_publisher/build install --record /home/francois/00-projets/ia-ft-iot-control-robot/build/realsense_publisher/install.log --single-version-externally-managed install_data
[0.542s] running egg_info
[0.542s] creating ../../build/realsense_publisher/realsense_publisher.egg-info
[0.542s] writing ../../build/realsense_publisher/realsense_publisher.egg-info/PKG-INFO
[0.542s] writing dependency_links to ../../build/realsense_publisher/realsense_publisher.egg-info/dependency_links.txt
[0.543s] writing entry points to ../../build/realsense_publisher/realsense_publisher.egg-info/entry_points.txt
[0.543s] writing requirements to ../../build/realsense_publisher/realsense_publisher.egg-info/requires.txt
[0.543s] writing top-level names to ../../build/realsense_publisher/realsense_publisher.egg-info/top_level.txt
[0.543s] writing manifest file '../../build/realsense_publisher/realsense_publisher.egg-info/SOURCES.txt'
[0.544s] reading manifest file '../../build/realsense_publisher/realsense_publisher.egg-info/SOURCES.txt'
[0.544s] writing manifest file '../../build/realsense_publisher/realsense_publisher.egg-info/SOURCES.txt'
[0.544s] running build
[0.544s] running build_py
[0.545s] creating /home/francois/00-projets/ia-ft-iot-control-robot/build/realsense_publisher/build
[0.545s] creating /home/francois/00-projets/ia-ft-iot-control-robot/build/realsense_publisher/build/lib
[0.545s] creating /home/francois/00-projets/ia-ft-iot-control-robot/build/realsense_publisher/build/lib/realsense_publisher
[0.545s] copying realsense_publisher/__init__.py -> /home/francois/00-projets/ia-ft-iot-control-robot/build/realsense_publisher/build/lib/realsense_publisher
[0.545s] running install
[0.545s] running install_lib
[0.545s] creating /home/francois/00-projets/ia-ft-iot-control-robot/install/realsense_publisher/lib/python3.10/site-packages/realsense_publisher
[0.545s] copying /home/francois/00-projets/ia-ft-iot-control-robot/build/realsense_publisher/build/lib/realsense_publisher/__init__.py -> /home/francois/00-projets/ia-ft-iot-control-robot/install/realsense_publisher/lib/python3.10/site-packages/realsense_publisher
[0.546s] byte-compiling /home/francois/00-projets/ia-ft-iot-control-robot/install/realsense_publisher/lib/python3.10/site-packages/realsense_publisher/__init__.py to __init__.cpython-310.pyc
[0.546s] running install_data
[0.546s] creating /home/francois/00-projets/ia-ft-iot-control-robot/install/realsense_publisher/share/ament_index
[0.546s] creating /home/francois/00-projets/ia-ft-iot-control-robot/install/realsense_publisher/share/ament_index/resource_index
[0.546s] creating /home/francois/00-projets/ia-ft-iot-control-robot/install/realsense_publisher/share/ament_index/resource_index/packages
[0.546s] copying resource/realsense_publisher -> /home/francois/00-projets/ia-ft-iot-control-robot/install/realsense_publisher/share/ament_index/resource_index/packages
[0.546s] copying package.xml -> /home/francois/00-projets/ia-ft-iot-control-robot/install/realsense_publisher/share/realsense_publisher
[0.546s] running install_egg_info
[0.547s] Copying ../../build/realsense_publisher/realsense_publisher.egg-info to /home/francois/00-projets/ia-ft-iot-control-robot/install/realsense_publisher/lib/python3.10/site-packages/realsense_publisher-0.0.0-py3.10.egg-info
[0.548s] running install_scripts
[0.562s] writing list of installed files to '/home/francois/00-projets/ia-ft-iot-control-robot/build/realsense_publisher/install.log'
[0.579s] Invoked command in '/home/francois/00-projets/ia-ft-iot-control-robot/src/realsense_publisher' returned '0': PYTHONPATH=/home/francois/00-projets/ia-ft-iot-control-robot/build/realsense_publisher/prefix_override:/usr/lib/python3/dist-packages/colcon_core/task/python/colcon_distutils_commands:/home/francois/00-projets/ia-ft-iot-control-robot/install/realsense_publisher/lib/python3.10/site-packages:${PYTHONPATH} /usr/bin/python3 -W ignore:setup.py install is deprecated -W ignore:easy_install command is deprecated setup.py egg_info --egg-base ../../build/realsense_publisher build --build-base /home/francois/00-projets/ia-ft-iot-control-robot/build/realsense_publisher/build install --record /home/francois/00-projets/ia-ft-iot-control-robot/build/realsense_publisher/install.log --single-version-externally-managed install_data
